<?xml version="1.0" encoding="UTF-8"?>
<!-- Generated by org.testng.reporters.JUnitReportReporter -->
<testsuite hostname="CSCO-W-PF2S47QP" failures="0" tests="1" name="com.test.RA.TestLogIn" time="6.028" errors="0" timestamp="2023-02-15T18:58:22 IST" skipped="0">
  <testcase classname="com.test.RA.TestLogIn" name="TestLogin" time="6.028"/>
  <system-out/>
</testsuite> <!-- com.test.RA.TestLogIn -->
